#
# There is insufficient memory for the Java Runtime Environment to continue.
# Native memory allocation (malloc) failed to allocate 1048576 bytes for AllocateHeap
# Possible reasons:
#   The system is out of physical RAM or swap space
#   In 32 bit mode, the process size limit was hit
# Possible solutions:
#   Reduce memory load on the system
#   Increase physical memory or swap space
#   Check if swap backing store is full
#   Use 64 bit Java on a 64 bit OS
#   Decrease Java heap size (-Xmx/-Xms)
#   Decrease number of Java threads
#   Decrease Java thread stack sizes (-Xss)
#   Set larger code cache with -XX:ReservedCodeCacheSize=
# This output file may be truncated or incomplete.
#
#  Out of Memory Error (memory/allocation.inline.hpp:61), pid=10360, tid=0x0000000000001280
#
# JRE version:  (8.0_191-b12) (build )
# Java VM: Java HotSpot(TM) 64-Bit Server VM (25.191-b12 mixed mode windows-amd64 compressed oops)
# Failed to write core dump. Minidumps are not enabled by default on client versions of Windows
#

---------------  T H R E A D  ---------------

Current thread (0x000000000338e800):  JavaThread "Unknown thread" [_thread_in_vm, id=4736, stack(0x0000000003210000,0x0000000003310000)]

Stack: [0x0000000003210000,0x0000000003310000]
[error occurred during error reporting (printing stack bounds), id 0xc0000005]

Native frames: (J=compiled Java code, j=interpreted, Vv=VM code, C=native code)


---------------  P R O C E S S  ---------------

Java Threads: ( => current thread )

Other Threads:

=>0x000000000338e800 (exited) JavaThread "Unknown thread" [_thread_in_vm, id=4736, stack(0x0000000003210000,0x0000000003310000)]

VM state:not at safepoint (normal execution)

VM Mutex/Monitor currently owned by a thread: None

Heap:
 PSYoungGen      total 38400K, used 665K [0x00000000d5e00000, 0x00000000d8880000, 0x0000000100000000)
  eden space 33280K, 2% used [0x00000000d5e00000,0x00000000d5ea6670,0x00000000d7e80000)
  from space 5120K, 0% used [0x00000000d8380000,0x00000000d8380000,0x00000000d8880000)
  to   space 5120K, 0% used [0x00000000d7e80000,0x00000000d7e80000,0x00000000d8380000)
 ParOldGen       total 87552K, used 0K [0x0000000081a00000, 0x0000000086f80000, 0x00000000d5e00000)
  object space 87552K, 0% used [0x0000000081a00000,0x0000000081a00000,0x0000000086f80000)
 Metaspace       used 775K, capacity 4480K, committed 4480K, reserved 1056768K
  class space    used 76K, capacity 384K, committed 384K, reserved 1048576K

Card table byte_map: [0x0000000012850000,0x0000000012c50000] byte_map_base: 0x0000000012443000

Marking Bits: (ParMarkBitMap*) 0x0000000077b93e30
 Begin Bits: [0x0000000013700000, 0x0000000015698000)
 End Bits:   [0x0000000015698000, 0x0000000017630000)

Polling page: 0x0000000000ff0000

CodeCache: size=245760Kb used=328Kb max_used=328Kb free=245431Kb
 bounds [0x0000000003490000, 0x0000000003700000, 0x0000000012490000]
 total_blobs=58 nmethods=0 adapters=38
 compilation: enabled

Compilation events (0 events):
No events

GC Heap History (0 events):
No events

Deoptimization events (0 events):
No events

Classes redefined (0 events):
No events

Internal exceptions (0 events):
No events

Events (10 events):
Event: 0.054 loading class java/lang/Short
Event: 0.054 loading class java/lang/Short done
Event: 0.054 loading class java/lang/Integer
Event: 0.054 loading class java/lang/Integer done
Event: 0.054 loading class java/lang/Long
Event: 0.055 loading class java/lang/Long done
Event: 0.056 loading class java/lang/NullPointerException
Event: 0.057 loading class java/lang/NullPointerException done
Event: 0.057 loading class java/lang/ArithmeticException
Event: 0.057 loading class java/lang/ArithmeticException done


Dynamic libraries:
0x00007ff714d60000 - 0x00007ff714d97000 	C:\Program Files\Java\jdk1.8.0_191\bin\java.exe
0x00007ff86f2b0000 - 0x00007ff86f491000 	C:\WINDOWS\SYSTEM32\ntdll.dll
0x00007ff86f1c0000 - 0x00007ff86f272000 	C:\WINDOWS\System32\KERNEL32.DLL
0x00007ff86c4c0000 - 0x00007ff86c733000 	C:\WINDOWS\System32\KERNELBASE.dll
0x00007ff86e530000 - 0x00007ff86e5d1000 	C:\WINDOWS\System32\ADVAPI32.dll
0x00007ff86cfb0000 - 0x00007ff86d04e000 	C:\WINDOWS\System32\msvcrt.dll
0x00007ff86f150000 - 0x00007ff86f1ab000 	C:\WINDOWS\System32\sechost.dll
0x00007ff86ce20000 - 0x00007ff86cf44000 	C:\WINDOWS\System32\RPCRT4.dll
0x00007ff86e8c0000 - 0x00007ff86ea50000 	C:\WINDOWS\System32\USER32.dll
0x00007ff86b970000 - 0x00007ff86b990000 	C:\WINDOWS\System32\win32u.dll
0x00007ff86e4a0000 - 0x00007ff86e4c8000 	C:\WINDOWS\System32\GDI32.dll
0x00007ff86b780000 - 0x00007ff86b912000 	C:\WINDOWS\System32\gdi32full.dll
0x00007ff86c230000 - 0x00007ff86c2cf000 	C:\WINDOWS\System32\msvcp_win.dll
0x00007ff86b680000 - 0x00007ff86b77a000 	C:\WINDOWS\System32\ucrtbase.dll
0x00007ff85f8d0000 - 0x00007ff85fb39000 	C:\WINDOWS\WinSxS\amd64_microsoft.windows.common-controls_6595b64144ccf1df_6.0.17134.407_none_fb449d63306391e9\COMCTL32.dll
0x00007ff86eb00000 - 0x00007ff86ee22000 	C:\WINDOWS\System32\combase.dll
0x00007ff86b990000 - 0x00007ff86ba0a000 	C:\WINDOWS\System32\bcryptPrimitives.dll
0x00007ff86ea50000 - 0x00007ff86ea7d000 	C:\WINDOWS\System32\IMM32.DLL
0x0000000050550000 - 0x0000000050622000 	C:\Program Files\Java\jdk1.8.0_191\jre\bin\msvcr100.dll
0x0000000077370000 - 0x0000000077c14000 	C:\Program Files\Java\jdk1.8.0_191\jre\bin\server\jvm.dll
0x00007ff86eed0000 - 0x00007ff86eed8000 	C:\WINDOWS\System32\PSAPI.DLL
0x00007ff866b50000 - 0x00007ff866b59000 	C:\WINDOWS\SYSTEM32\WSOCK32.dll
0x00007ff861c50000 - 0x00007ff861c5a000 	C:\WINDOWS\SYSTEM32\VERSION.dll
0x00007ff86eee0000 - 0x00007ff86ef4c000 	C:\WINDOWS\System32\WS2_32.dll
0x00007ff865540000 - 0x00007ff865563000 	C:\WINDOWS\SYSTEM32\WINMM.dll
0x00007ff865500000 - 0x00007ff86552a000 	C:\WINDOWS\SYSTEM32\winmmbase.dll
0x00007ff86b920000 - 0x00007ff86b969000 	C:\WINDOWS\System32\cfgmgr32.dll
0x0000000050100000 - 0x000000005010f000 	C:\Program Files\Java\jdk1.8.0_191\jre\bin\verify.dll
0x00000000500d0000 - 0x00000000500f9000 	C:\Program Files\Java\jdk1.8.0_191\jre\bin\java.dll
0x00000000500b0000 - 0x00000000500c6000 	C:\Program Files\Java\jdk1.8.0_191\jre\bin\zip.dll

VM Arguments:
jvm_args: -Dfile.encoding=UTF-8 
java_command: Main
java_class_path (initial): C:\Users\User\Documents\NetBeansProjects\Ant\build\classes
Launcher Type: SUN_STANDARD

Environment Variables:
JAVA_HOME=C:\Program Files\Java\jdk1.8.0_191
PATH=C:\Program Files\Java\jdk1.8.0_191\bin;C:\Program Files (x86)\Common Files\Oracle\Java\javapath;C:\Windows\system32;C:\Windows;C:\Windows\System32\Wbem;C:\Windows\System32\WindowsPowerShell\v1.0\;C:\Program Files (x86)\NVIDIA Corporation\PhysX\Common;C:\WINDOWS\system32;C:\WINDOWS;C:\WINDOWS\System32\Wbem;C:\WINDOWS\System32\WindowsPowerShell\v1.0\;C:\WINDOWS\System32\OpenSSH\;C:\Program Files\Microsoft SQL Server\Client SDK\ODBC\130\Tools\Binn\;C:\Program Files (x86)\Microsoft SQL Server\140\Tools\Binn\;C:\Program Files\Microsoft SQL Server\140\Tools\Binn\;C:\Program Files\Microsoft SQL Server\140\DTS\Binn\;C:\Program Files (x86)\Microsoft SQL Server\Client SDK\ODBC\130\Tools\Binn\;C:\Program Files (x86)\Microsoft SQL Server\140\DTS\Binn\;C:\Program Files (x86)\Microsoft SQL Server\140\Tools\Binn\ManagementStudio\;C:\Program Files\Java\jdk1.8.0_191\bin
USERNAME=User
OS=Windows_NT
PROCESSOR_IDENTIFIER=Intel64 Family 6 Model 60 Stepping 3, GenuineIntel



---------------  S Y S T E M  ---------------

OS: Windows 10.0 , 64 bit Build 17134 (10.0.17134.1)

CPU:total 8 (initial active 8) (4 cores per cpu, 2 threads per core) family 6 model 60 stepping 3, cmov, cx8, fxsr, mmx, sse, sse2, sse3, ssse3, sse4.1, sse4.2, popcnt, avx, avx2, aes, clmul, erms, lzcnt, ht, tsc, tscinvbit, bmi1, bmi2

Memory: 4k page, physical 8274980k(3519984k free), swap 10226724k(5500k free)

vm_info: Java HotSpot(TM) 64-Bit Server VM (25.191-b12) for windows-amd64 JRE (1.8.0_191-b12), built on Oct  6 2018 09:29:03 by "java_re" with MS VC++ 10.0 (VS2010)

time: Wed Dec 12 16:47:15 2018
elapsed time: 0 seconds (0d 0h 0m 0s)

